{"/Users/c.dieck/projects/howtolosemoneyfast_website/src/utils/cookieService.ts": {"path":"/Users/c.dieck/projects/howtolosemoneyfast_website/src/utils/cookieService.ts","statementMap":{"0":{"start":{"line":3,"column":20},"end":{"line":3,"column":41}},"1":{"start":{"line":4,"column":27},"end":{"line":4,"column":29}},"2":{"start":{"line":6,"column":35},"end":{"line":18,"column":1}},"3":{"start":{"line":7,"column":21},"end":{"line":7,"column":31}},"4":{"start":{"line":8,"column":2},"end":{"line":8,"column":64}},"5":{"start":{"line":11,"column":23},"end":{"line":11,"column":66}},"6":{"start":{"line":14,"column":2},"end":{"line":14,"column":112}},"7":{"start":{"line":17,"column":2},"end":{"line":17,"column":51}},"8":{"start":{"line":6,"column":13},"end":{"line":6,"column":35}},"9":{"start":{"line":20,"column":36},"end":{"line":45,"column":1}},"10":{"start":{"line":21,"column":18},"end":{"line":21,"column":44}},"11":{"start":{"line":24,"column":2},"end":{"line":24,"column":47}},"12":{"start":{"line":27,"column":2},"end":{"line":41,"column":3}},"13":{"start":{"line":27,"column":23},"end":{"line":27,"column":30}},"14":{"start":{"line":27,"column":19},"end":{"line":27,"column":23}},"15":{"start":{"line":28,"column":26},"end":{"line":28,"column":39}},"16":{"start":{"line":29,"column":4},"end":{"line":40,"column":5}},"17":{"start":{"line":30,"column":26},"end":{"line":30,"column":73}},"18":{"start":{"line":31,"column":6},"end":{"line":31,"column":54}},"19":{"start":{"line":33,"column":6},"end":{"line":39,"column":7}},"20":{"start":{"line":34,"column":28},"end":{"line":34,"column":71}},"21":{"start":{"line":35,"column":8},"end":{"line":35,"column":57}},"22":{"start":{"line":36,"column":8},"end":{"line":36,"column":27}},"23":{"start":{"line":38,"column":8},"end":{"line":38,"column":79}},"24":{"start":{"line":43,"column":2},"end":{"line":43,"column":74}},"25":{"start":{"line":44,"column":2},"end":{"line":44,"column":12}},"26":{"start":{"line":20,"column":13},"end":{"line":20,"column":36}},"27":{"start":{"line":47,"column":26},"end":{"line":59,"column":1}},"28":{"start":{"line":48,"column":23},"end":{"line":48,"column":45}},"29":{"start":{"line":49,"column":2},"end":{"line":49,"column":54}},"30":{"start":{"line":51,"column":2},"end":{"line":51,"column":29}},"31":{"start":{"line":52,"column":2},"end":{"line":52,"column":57}},"32":{"start":{"line":54,"column":2},"end":{"line":54,"column":36}},"33":{"start":{"line":57,"column":24},"end":{"line":57,"column":46}},"34":{"start":{"line":58,"column":2},"end":{"line":58,"column":69}},"35":{"start":{"line":47,"column":13},"end":{"line":47,"column":26}}},"fnMap":{"0":{"name":"(anonymous_0)","decl":{"start":{"line":6,"column":35},"end":{"line":6,"column":36}},"loc":{"start":{"line":6,"column":65},"end":{"line":18,"column":1}}},"1":{"name":"(anonymous_1)","decl":{"start":{"line":20,"column":36},"end":{"line":20,"column":null}},"loc":{"start":{"line":20,"column":36},"end":{"line":45,"column":1}}},"2":{"name":"(anonymous_2)","decl":{"start":{"line":47,"column":26},"end":{"line":47,"column":27}},"loc":{"start":{"line":47,"column":54},"end":{"line":59,"column":1}}}},"branchMap":{"0":{"loc":{"start":{"line":29,"column":4},"end":{"line":40,"column":5}},"type":"if","locations":[{"start":{"line":29,"column":4},"end":{"line":40,"column":5}}]}},"s":{"0":1,"1":1,"2":1,"3":0,"4":0,"5":0,"6":0,"7":0,"8":1,"9":1,"10":0,"11":0,"12":0,"13":0,"14":0,"15":0,"16":0,"17":0,"18":0,"19":0,"20":0,"21":0,"22":0,"23":0,"24":0,"25":0,"26":1,"27":1,"28":0,"29":0,"30":0,"31":0,"32":0,"33":0,"34":0,"35":1},"f":{"0":0,"1":0,"2":0},"b":{"0":[0]}}
,"/Users/c.dieck/projects/howtolosemoneyfast_website/src/utils/dateUtils.ts": {"path":"/Users/c.dieck/projects/howtolosemoneyfast_website/src/utils/dateUtils.ts","statementMap":{"0":{"start":{"line":6,"column":0},"end":{"line":6,"column":16}},"1":{"start":{"line":7,"column":2},"end":{"line":9,"column":3}},"2":{"start":{"line":8,"column":4},"end":{"line":8,"column":45}},"3":{"start":{"line":12,"column":25},"end":{"line":12,"column":56}},"4":{"start":{"line":12,"column":46},"end":{"line":12,"column":56}},"5":{"start":{"line":14,"column":2},"end":{"line":16,"column":3}},"6":{"start":{"line":15,"column":4},"end":{"line":15,"column":45}},"7":{"start":{"line":18,"column":18},"end":{"line":18,"column":41}},"8":{"start":{"line":19,"column":19},"end":{"line":19,"column":42}},"9":{"start":{"line":21,"column":2},"end":{"line":28,"column":3}},"10":{"start":{"line":21,"column":21},"end":{"line":21,"column":35}},"11":{"start":{"line":21,"column":17},"end":{"line":21,"column":21}},"12":{"start":{"line":22,"column":4},"end":{"line":24,"column":5}},"13":{"start":{"line":23,"column":6},"end":{"line":23,"column":29}},"14":{"start":{"line":25,"column":4},"end":{"line":27,"column":5}},"15":{"start":{"line":26,"column":6},"end":{"line":26,"column":30}},"16":{"start":{"line":30,"column":2},"end":{"line":30,"column":35}}},"fnMap":{"0":{"name":"getDateRange","decl":{"start":{"line":6,"column":16},"end":{"line":6,"column":28}},"loc":{"start":{"line":6,"column":55},"end":{"line":31,"column":1}}},"1":{"name":"(anonymous_1)","decl":{"start":{"line":12,"column":38},"end":{"line":12,"column":42}},"loc":{"start":{"line":12,"column":42},"end":{"line":12,"column":50}}}},"branchMap":{"0":{"loc":{"start":{"line":7,"column":2},"end":{"line":9,"column":3}},"type":"if","locations":[{"start":{"line":7,"column":2},"end":{"line":9,"column":3}}]},"1":{"loc":{"start":{"line":7,"column":6},"end":{"line":7,"column":34}},"type":"binary-expr","locations":[{"start":{"line":7,"column":6},"end":{"line":7,"column":12}},{"start":{"line":7,"column":16},"end":{"line":7,"column":34}}]},"2":{"loc":{"start":{"line":14,"column":2},"end":{"line":16,"column":3}},"type":"if","locations":[{"start":{"line":14,"column":2},"end":{"line":16,"column":3}}]},"3":{"loc":{"start":{"line":22,"column":4},"end":{"line":24,"column":5}},"type":"if","locations":[{"start":{"line":22,"column":4},"end":{"line":24,"column":5}}]},"4":{"loc":{"start":{"line":25,"column":4},"end":{"line":27,"column":5}},"type":"if","locations":[{"start":{"line":25,"column":4},"end":{"line":27,"column":5}}]}},"s":{"0":1,"1":3,"2":1,"3":2,"4":5,"5":2,"6":0,"7":2,"8":2,"9":2,"10":4,"11":4,"12":4,"13":0,"14":4,"15":2,"16":2},"f":{"0":3,"1":5},"b":{"0":[1],"1":[3,3],"2":[0],"3":[0],"4":[2]}}
,"/Users/c.dieck/projects/howtolosemoneyfast_website/src/utils/eurojackpotService.ts": {"path":"/Users/c.dieck/projects/howtolosemoneyfast_website/src/utils/eurojackpotService.ts","statementMap":{"0":{"start":{"line":12,"column":0},"end":{"line":12,"column":16}},"1":{"start":{"line":40,"column":0},"end":{"line":40,"column":16}},"2":{"start":{"line":51,"column":0},"end":{"line":51,"column":16}},"3":{"start":{"line":89,"column":0},"end":{"line":89,"column":16}},"4":{"start":{"line":154,"column":0},"end":{"line":154,"column":16}},"5":{"start":{"line":198,"column":0},"end":{"line":198,"column":16}},"6":{"start":{"line":2,"column":0},"end":{"line":2,"column":64}},"7":{"start":{"line":3,"column":0},"end":{"line":3,"column":71}},"8":{"start":{"line":4,"column":0},"end":{"line":4,"column":55}},"9":{"start":{"line":17,"column":2},"end":{"line":19,"column":3}},"10":{"start":{"line":18,"column":4},"end":{"line":18,"column":17}},"11":{"start":{"line":22,"column":21},"end":{"line":22,"column":41}},"12":{"start":{"line":23,"column":21},"end":{"line":23,"column":41}},"13":{"start":{"line":24,"column":2},"end":{"line":26,"column":3}},"14":{"start":{"line":25,"column":4},"end":{"line":25,"column":17}},"15":{"start":{"line":29,"column":20},"end":{"line":29,"column":67}},"16":{"start":{"line":29,"column":45},"end":{"line":29,"column":67}},"17":{"start":{"line":30,"column":20},"end":{"line":30,"column":67}},"18":{"start":{"line":30,"column":45},"end":{"line":30,"column":67}},"19":{"start":{"line":32,"column":2},"end":{"line":32,"column":32}},"20":{"start":{"line":41,"column":2},"end":{"line":41,"column":58}},"21":{"start":{"line":41,"column":38},"end":{"line":41,"column":57}},"22":{"start":{"line":56,"column":15},"end":{"line":56,"column":38}},"23":{"start":{"line":58,"column":2},"end":{"line":60,"column":3}},"24":{"start":{"line":59,"column":4},"end":{"line":59,"column":16}},"25":{"start":{"line":63,"column":22},"end":{"line":64,"column":42}},"26":{"start":{"line":64,"column":4},"end":{"line":64,"column":35}},"27":{"start":{"line":66,"column":22},"end":{"line":67,"column":42}},"28":{"start":{"line":67,"column":4},"end":{"line":67,"column":35}},"29":{"start":{"line":70,"column":17},"end":{"line":70,"column":57}},"30":{"start":{"line":72,"column":2},"end":{"line":79,"column":4}},"31":{"start":{"line":94,"column":39},"end":{"line":94,"column":41}},"32":{"start":{"line":97,"column":24},"end":{"line":102,"column":4}},"33":{"start":{"line":98,"column":4},"end":{"line":98,"column":33}},"34":{"start":{"line":98,"column":20},"end":{"line":98,"column":33}},"35":{"start":{"line":99,"column":4},"end":{"line":99,"column":57}},"36":{"start":{"line":99,"column":44},"end":{"line":99,"column":57}},"37":{"start":{"line":100,"column":4},"end":{"line":100,"column":53}},"38":{"start":{"line":100,"column":40},"end":{"line":100,"column":53}},"39":{"start":{"line":101,"column":4},"end":{"line":101,"column":16}},"40":{"start":{"line":105,"column":23},"end":{"line":105,"column":81}},"41":{"start":{"line":107,"column":2},"end":{"line":128,"column":5}},"42":{"start":{"line":109,"column":24},"end":{"line":110,"column":44}},"43":{"start":{"line":110,"column":6},"end":{"line":110,"column":37}},"44":{"start":{"line":112,"column":24},"end":{"line":113,"column":44}},"45":{"start":{"line":113,"column":6},"end":{"line":113,"column":37}},"46":{"start":{"line":116,"column":19},"end":{"line":116,"column":59}},"47":{"start":{"line":118,"column":4},"end":{"line":127,"column":5}},"48":{"start":{"line":119,"column":6},"end":{"line":126,"column":9}},"49":{"start":{"line":130,"column":2},"end":{"line":146,"column":5}},"50":{"start":{"line":132,"column":4},"end":{"line":132,"column":45}},"51":{"start":{"line":132,"column":35},"end":{"line":132,"column":45}},"52":{"start":{"line":133,"column":4},"end":{"line":133,"column":44}},"53":{"start":{"line":133,"column":35},"end":{"line":133,"column":44}},"54":{"start":{"line":136,"column":19},"end":{"line":136,"column":64}},"55":{"start":{"line":137,"column":19},"end":{"line":137,"column":64}},"56":{"start":{"line":138,"column":4},"end":{"line":138,"column":50}},"57":{"start":{"line":138,"column":27},"end":{"line":138,"column":50}},"58":{"start":{"line":141,"column":4},"end":{"line":143,"column":5}},"59":{"start":{"line":142,"column":6},"end":{"line":142,"column":79}},"60":{"start":{"line":145,"column":4},"end":{"line":145,"column":13}},"61":{"start":{"line":157,"column":23},"end":{"line":157,"column":45}},"62":{"start":{"line":158,"column":39},"end":{"line":158,"column":41}},"63":{"start":{"line":160,"column":2},"end":{"line":179,"column":5}},"64":{"start":{"line":162,"column":24},"end":{"line":163,"column":48}},"65":{"start":{"line":163,"column":6},"end":{"line":163,"column":41}},"66":{"start":{"line":165,"column":24},"end":{"line":166,"column":48}},"67":{"start":{"line":166,"column":6},"end":{"line":166,"column":41}},"68":{"start":{"line":169,"column":4},"end":{"line":178,"column":5}},"69":{"start":{"line":170,"column":6},"end":{"line":177,"column":9}},"70":{"start":{"line":181,"column":2},"end":{"line":186,"column":5}},"71":{"start":{"line":183,"column":19},"end":{"line":183,"column":64}},"72":{"start":{"line":184,"column":19},"end":{"line":184,"column":64}},"73":{"start":{"line":185,"column":4},"end":{"line":185,"column":27}},"74":{"start":{"line":203,"column":2},"end":{"line":203,"column":null}},"75":{"start":{"line":205,"column":24},"end":{"line":209,"column":null}},"76":{"start":{"line":207,"column":6},"end":{"line":207,"column":35}},"77":{"start":{"line":207,"column":22},"end":{"line":207,"column":35}},"78":{"start":{"line":208,"column":6},"end":{"line":208,"column":60}},"79":{"start":{"line":212,"column":14},"end":{"line":212,"column":15}},"80":{"start":{"line":214,"column":2},"end":{"line":224,"column":5}},"81":{"start":{"line":216,"column":24},"end":{"line":217,"column":44}},"82":{"start":{"line":217,"column":6},"end":{"line":217,"column":37}},"83":{"start":{"line":219,"column":24},"end":{"line":220,"column":44}},"84":{"start":{"line":220,"column":6},"end":{"line":220,"column":37}},"85":{"start":{"line":223,"column":4},"end":{"line":223,"column":78}},"86":{"start":{"line":226,"column":2},"end":{"line":226,"column":15}}},"fnMap":{"0":{"name":"validateNumbers","decl":{"start":{"line":12,"column":16},"end":{"line":12,"column":31}},"loc":{"start":{"line":14,"column":23},"end":{"line":33,"column":1}}},"1":{"name":"(anonymous_1)","decl":{"start":{"line":29,"column":38},"end":{"line":29,"column":41}},"loc":{"start":{"line":29,"column":41},"end":{"line":29,"column":48}}},"2":{"name":"(anonymous_2)","decl":{"start":{"line":30,"column":38},"end":{"line":30,"column":41}},"loc":{"start":{"line":30,"column":41},"end":{"line":30,"column":48}}},"3":{"name":"getDrawByDate","decl":{"start":{"line":40,"column":16},"end":{"line":40,"column":29}},"loc":{"start":{"line":40,"column":42},"end":{"line":42,"column":1}}},"4":{"name":"(anonymous_4)","decl":{"start":{"line":41,"column":30},"end":{"line":41,"column":34}},"loc":{"start":{"line":41,"column":34},"end":{"line":41,"column":42}}},"5":{"name":"checkTicket","decl":{"start":{"line":51,"column":16},"end":{"line":51,"column":27}},"loc":{"start":{"line":54,"column":18},"end":{"line":80,"column":1}}},"6":{"name":"(anonymous_6)","decl":{"start":{"line":63,"column":41},"end":{"line":63,"column":44}},"loc":{"start":{"line":63,"column":44},"end":{"line":64,"column":8}}},"7":{"name":"(anonymous_7)","decl":{"start":{"line":66,"column":41},"end":{"line":66,"column":44}},"loc":{"start":{"line":66,"column":44},"end":{"line":67,"column":8}}},"8":{"name":"compareWithHistorical","decl":{"start":{"line":89,"column":16},"end":{"line":89,"column":37}},"loc":{"start":{"line":92,"column":18},"end":{"line":147,"column":1}}},"9":{"name":"(anonymous_9)","decl":{"start":{"line":97,"column":47},"end":{"line":97,"column":51}},"loc":{"start":{"line":97,"column":51},"end":{"line":102,"column":3}}},"10":{"name":"(anonymous_10)","decl":{"start":{"line":107,"column":23},"end":{"line":107,"column":27}},"loc":{"start":{"line":107,"column":27},"end":{"line":128,"column":3}}},"11":{"name":"(anonymous_11)","decl":{"start":{"line":109,"column":51},"end":{"line":109,"column":54}},"loc":{"start":{"line":109,"column":54},"end":{"line":110,"column":10}}},"12":{"name":"(anonymous_12)","decl":{"start":{"line":112,"column":51},"end":{"line":112,"column":54}},"loc":{"start":{"line":112,"column":54},"end":{"line":113,"column":10}}},"13":{"name":"(anonymous_13)","decl":{"start":{"line":130,"column":22},"end":{"line":130,"column":23}},"loc":{"start":{"line":130,"column":27},"end":{"line":146,"column":3}}},"14":{"name":"compareWithSavedNumbers","decl":{"start":{"line":154,"column":16},"end":{"line":154,"column":39}},"loc":{"start":{"line":155,"column":29},"end":{"line":187,"column":1}}},"15":{"name":"(anonymous_15)","decl":{"start":{"line":160,"column":23},"end":{"line":160,"column":31}},"loc":{"start":{"line":160,"column":31},"end":{"line":179,"column":3}}},"16":{"name":"(anonymous_16)","decl":{"start":{"line":162,"column":51},"end":{"line":162,"column":54}},"loc":{"start":{"line":162,"column":54},"end":{"line":163,"column":14}}},"17":{"name":"(anonymous_17)","decl":{"start":{"line":165,"column":51},"end":{"line":165,"column":54}},"loc":{"start":{"line":165,"column":54},"end":{"line":166,"column":14}}},"18":{"name":"(anonymous_18)","decl":{"start":{"line":181,"column":22},"end":{"line":181,"column":23}},"loc":{"start":{"line":181,"column":27},"end":{"line":186,"column":3}}},"19":{"name":"calculateTotalProfitLoss","decl":{"start":{"line":198,"column":16},"end":{"line":198,"column":40}},"loc":{"start":{"line":203,"column":25},"end":{"line":227,"column":1}}},"20":{"name":"(anonymous_20)","decl":{"start":{"line":206,"column":4},"end":{"line":206,"column":8}},"loc":{"start":{"line":206,"column":8},"end":{"line":209,"column":5}}},"21":{"name":"(anonymous_21)","decl":{"start":{"line":214,"column":24},"end":{"line":214,"column":28}},"loc":{"start":{"line":214,"column":28},"end":{"line":224,"column":3}}},"22":{"name":"(anonymous_22)","decl":{"start":{"line":216,"column":43},"end":{"line":216,"column":46}},"loc":{"start":{"line":216,"column":46},"end":{"line":217,"column":10}}},"23":{"name":"(anonymous_23)","decl":{"start":{"line":219,"column":43},"end":{"line":219,"column":46}},"loc":{"start":{"line":219,"column":46},"end":{"line":220,"column":10}}}},"branchMap":{"0":{"loc":{"start":{"line":17,"column":2},"end":{"line":19,"column":3}},"type":"if","locations":[{"start":{"line":17,"column":2},"end":{"line":19,"column":3}}]},"1":{"loc":{"start":{"line":17,"column":6},"end":{"line":17,"column":58}},"type":"binary-expr","locations":[{"start":{"line":17,"column":6},"end":{"line":17,"column":30}},{"start":{"line":17,"column":34},"end":{"line":17,"column":58}}]},"2":{"loc":{"start":{"line":24,"column":2},"end":{"line":26,"column":3}},"type":"if","locations":[{"start":{"line":24,"column":2},"end":{"line":26,"column":3}}]},"3":{"loc":{"start":{"line":24,"column":6},"end":{"line":24,"column":52}},"type":"binary-expr","locations":[{"start":{"line":24,"column":6},"end":{"line":24,"column":27}},{"start":{"line":24,"column":31},"end":{"line":24,"column":52}}]},"4":{"loc":{"start":{"line":29,"column":45},"end":{"line":29,"column":66}},"type":"binary-expr","locations":[{"start":{"line":29,"column":45},"end":{"line":29,"column":53}},{"start":{"line":29,"column":57},"end":{"line":29,"column":66}}]},"5":{"loc":{"start":{"line":30,"column":45},"end":{"line":30,"column":66}},"type":"binary-expr","locations":[{"start":{"line":30,"column":45},"end":{"line":30,"column":53}},{"start":{"line":30,"column":57},"end":{"line":30,"column":66}}]},"6":{"loc":{"start":{"line":32,"column":9},"end":{"line":32,"column":31}},"type":"binary-expr","locations":[{"start":{"line":32,"column":9},"end":{"line":32,"column":18}},{"start":{"line":32,"column":22},"end":{"line":32,"column":31}}]},"7":{"loc":{"start":{"line":58,"column":2},"end":{"line":60,"column":3}},"type":"if","locations":[{"start":{"line":58,"column":2},"end":{"line":60,"column":3}}]},"8":{"loc":{"start":{"line":98,"column":4},"end":{"line":98,"column":33}},"type":"if","locations":[{"start":{"line":98,"column":4},"end":{"line":98,"column":33}}]},"9":{"loc":{"start":{"line":99,"column":4},"end":{"line":99,"column":57}},"type":"if","locations":[{"start":{"line":99,"column":4},"end":{"line":99,"column":57}}]},"10":{"loc":{"start":{"line":99,"column":8},"end":{"line":99,"column":42}},"type":"binary-expr","locations":[{"start":{"line":99,"column":8},"end":{"line":99,"column":17}},{"start":{"line":99,"column":21},"end":{"line":99,"column":42}}]},"11":{"loc":{"start":{"line":100,"column":4},"end":{"line":100,"column":53}},"type":"if","locations":[{"start":{"line":100,"column":4},"end":{"line":100,"column":53}}]},"12":{"loc":{"start":{"line":100,"column":8},"end":{"line":100,"column":38}},"type":"binary-expr","locations":[{"start":{"line":100,"column":8},"end":{"line":100,"column":15}},{"start":{"line":100,"column":19},"end":{"line":100,"column":38}}]},"13":{"loc":{"start":{"line":105,"column":23},"end":{"line":105,"column":81}},"type":"cond-expr","locations":[{"start":{"line":105,"column":50},"end":{"line":105,"column":63}},{"start":{"line":105,"column":66},"end":{"line":105,"column":81}}]},"14":{"loc":{"start":{"line":118,"column":4},"end":{"line":127,"column":5}},"type":"if","locations":[{"start":{"line":118,"column":4},"end":{"line":127,"column":5}}]},"15":{"loc":{"start":{"line":118,"column":8},"end":{"line":118,"column":42}},"type":"binary-expr","locations":[{"start":{"line":118,"column":8},"end":{"line":118,"column":23}},{"start":{"line":118,"column":27},"end":{"line":118,"column":42}}]},"16":{"loc":{"start":{"line":132,"column":4},"end":{"line":132,"column":45}},"type":"if","locations":[{"start":{"line":132,"column":4},"end":{"line":132,"column":45}}]},"17":{"loc":{"start":{"line":132,"column":8},"end":{"line":132,"column":33}},"type":"binary-expr","locations":[{"start":{"line":132,"column":8},"end":{"line":132,"column":18}},{"start":{"line":132,"column":22},"end":{"line":132,"column":33}}]},"18":{"loc":{"start":{"line":133,"column":4},"end":{"line":133,"column":44}},"type":"if","locations":[{"start":{"line":133,"column":4},"end":{"line":133,"column":44}}]},"19":{"loc":{"start":{"line":133,"column":8},"end":{"line":133,"column":33}},"type":"binary-expr","locations":[{"start":{"line":133,"column":8},"end":{"line":133,"column":19}},{"start":{"line":133,"column":23},"end":{"line":133,"column":33}}]},"20":{"loc":{"start":{"line":138,"column":4},"end":{"line":138,"column":50}},"type":"if","locations":[{"start":{"line":138,"column":4},"end":{"line":138,"column":50}}]},"21":{"loc":{"start":{"line":141,"column":4},"end":{"line":143,"column":5}},"type":"if","locations":[{"start":{"line":141,"column":4},"end":{"line":143,"column":5}}]},"22":{"loc":{"start":{"line":141,"column":8},"end":{"line":141,"column":34}},"type":"binary-expr","locations":[{"start":{"line":141,"column":8},"end":{"line":141,"column":19}},{"start":{"line":141,"column":23},"end":{"line":141,"column":34}}]},"23":{"loc":{"start":{"line":169,"column":4},"end":{"line":178,"column":5}},"type":"if","locations":[{"start":{"line":169,"column":4},"end":{"line":178,"column":5}}]},"24":{"loc":{"start":{"line":169,"column":8},"end":{"line":169,"column":42}},"type":"binary-expr","locations":[{"start":{"line":169,"column":8},"end":{"line":169,"column":23}},{"start":{"line":169,"column":27},"end":{"line":169,"column":42}}]},"25":{"loc":{"start":{"line":176,"column":18},"end":{"line":176,"column":56}},"type":"binary-expr","locations":[{"start":{"line":176,"column":18},"end":{"line":176,"column":35}},{"start":{"line":176,"column":39},"end":{"line":176,"column":56}}]},"26":{"loc":{"start":{"line":203,"column":2},"end":{"line":203,"column":null}},"type":"if","locations":[{"start":{"line":203,"column":2},"end":{"line":203,"column":null}}]},"27":{"loc":{"start":{"line":207,"column":6},"end":{"line":207,"column":35}},"type":"if","locations":[{"start":{"line":207,"column":6},"end":{"line":207,"column":35}}]},"28":{"loc":{"start":{"line":208,"column":13},"end":{"line":208,"column":59}},"type":"binary-expr","locations":[{"start":{"line":208,"column":13},"end":{"line":208,"column":35}},{"start":{"line":208,"column":39},"end":{"line":208,"column":59}}]}},"s":{"0":1,"1":1,"2":1,"3":1,"4":1,"5":1,"6":1,"7":1,"8":1,"9":5,"10":0,"11":5,"12":5,"13":5,"14":2,"15":3,"16":11,"17":3,"18":6,"19":3,"20":0,"21":0,"22":0,"23":0,"24":0,"25":0,"26":0,"27":0,"28":0,"29":0,"30":0,"31":1,"32":1,"33":2,"34":0,"35":2,"36":0,"37":2,"38":1,"39":1,"40":1,"41":1,"42":1,"43":5,"44":1,"45":2,"46":1,"47":1,"48":1,"49":1,"50":0,"51":0,"52":0,"53":0,"54":0,"55":0,"56":0,"57":0,"58":0,"59":0,"60":0,"61":0,"62":0,"63":0,"64":0,"65":0,"66":0,"67":0,"68":0,"69":0,"70":0,"71":0,"72":0,"73":0,"74":0,"75":0,"76":0,"77":0,"78":0,"79":0,"80":0,"81":0,"82":0,"83":0,"84":0,"85":0,"86":0},"f":{"0":5,"1":11,"2":6,"3":0,"4":0,"5":0,"6":0,"7":0,"8":1,"9":2,"10":1,"11":5,"12":2,"13":0,"14":0,"15":0,"16":0,"17":0,"18":0,"19":0,"20":0,"21":0,"22":0,"23":0},"b":{"0":[0],"1":[5,5],"2":[2],"3":[5,4],"4":[11,10],"5":[6,6],"6":[3,2],"7":[0],"8":[0],"9":[0],"10":[2,2],"11":[1],"12":[2,2],"13":[1,0],"14":[1],"15":[1,0],"16":[0],"17":[0,0],"18":[0],"19":[0,0],"20":[0],"21":[0],"22":[0,0],"23":[0],"24":[0,0],"25":[0,0],"26":[0],"27":[0],"28":[0,0]}}
,"/Users/c.dieck/projects/howtolosemoneyfast_website/src/utils/profitLossCalculator.ts": {"path":"/Users/c.dieck/projects/howtolosemoneyfast_website/src/utils/profitLossCalculator.ts","statementMap":{"0":{"start":{"line":11,"column":0},"end":{"line":11,"column":16}},"1":{"start":{"line":34,"column":0},"end":{"line":34,"column":16}},"2":{"start":{"line":15,"column":2},"end":{"line":15,"column":null}},"3":{"start":{"line":17,"column":2},"end":{"line":19,"column":3}},"4":{"start":{"line":18,"column":4},"end":{"line":18,"column":24}},"5":{"start":{"line":21,"column":19},"end":{"line":21,"column":52}},"6":{"start":{"line":22,"column":16},"end":{"line":22,"column":53}},"7":{"start":{"line":24,"column":2},"end":{"line":24,"column":29}},"8":{"start":{"line":39,"column":2},"end":{"line":41,"column":3}},"9":{"start":{"line":40,"column":4},"end":{"line":40,"column":17}},"10":{"start":{"line":43,"column":19},"end":{"line":43,"column":52}},"11":{"start":{"line":44,"column":2},"end":{"line":44,"column":84}}},"fnMap":{"0":{"name":"calculateProfitLoss","decl":{"start":{"line":11,"column":16},"end":{"line":11,"column":35}},"loc":{"start":{"line":15,"column":25},"end":{"line":25,"column":1}}},"1":{"name":"isWinner","decl":{"start":{"line":34,"column":16},"end":{"line":34,"column":24}},"loc":{"start":{"line":37,"column":21},"end":{"line":45,"column":1}}}},"branchMap":{"0":{"loc":{"start":{"line":15,"column":2},"end":{"line":15,"column":null}},"type":"if","locations":[{"start":{"line":15,"column":2},"end":{"line":15,"column":null}}]},"1":{"loc":{"start":{"line":17,"column":2},"end":{"line":19,"column":3}},"type":"if","locations":[{"start":{"line":17,"column":2},"end":{"line":19,"column":3}}]},"2":{"loc":{"start":{"line":22,"column":16},"end":{"line":22,"column":53}},"type":"binary-expr","locations":[{"start":{"line":22,"column":16},"end":{"line":22,"column":48}},{"start":{"line":22,"column":52},"end":{"line":22,"column":53}}]},"3":{"loc":{"start":{"line":39,"column":2},"end":{"line":41,"column":3}},"type":"if","locations":[{"start":{"line":39,"column":2},"end":{"line":41,"column":3}}]},"4":{"loc":{"start":{"line":44,"column":9},"end":{"line":44,"column":83}},"type":"binary-expr","locations":[{"start":{"line":44,"column":9},"end":{"line":44,"column":43}},{"start":{"line":44,"column":47},"end":{"line":44,"column":83}}]}},"s":{"0":2,"1":2,"2":3,"3":3,"4":1,"5":2,"6":2,"7":2,"8":4,"9":1,"10":3,"11":3},"f":{"0":3,"1":4},"b":{"0":[0],"1":[1],"2":[2,1],"3":[1],"4":[3,2]}}
}
