TN:
SF:src/utils/cookieService.ts
FN:6,(anonymous_0)
FN:20,(anonymous_1)
FN:47,(anonymous_2)
FNF:3
FNH:0
FNDA:0,(anonymous_0)
FNDA:0,(anonymous_1)
FNDA:0,(anonymous_2)
DA:3,1
DA:4,1
DA:6,1
DA:7,0
DA:8,0
DA:11,0
DA:14,0
DA:17,0
DA:20,1
DA:21,0
DA:24,0
DA:27,0
DA:28,0
DA:29,0
DA:30,0
DA:31,0
DA:33,0
DA:34,0
DA:35,0
DA:36,0
DA:38,0
DA:43,0
DA:44,0
DA:47,1
DA:48,0
DA:49,0
DA:51,0
DA:52,0
DA:54,0
DA:57,0
DA:58,0
LF:31
LH:5
BRDA:29,0,0,0
BRF:1
BRH:0
end_of_record
TN:
SF:src/utils/dateUtils.ts
FN:6,getDateRange
FN:12,(anonymous_1)
FNF:2
FNH:2
FNDA:3,getDateRange
FNDA:5,(anonymous_1)
DA:6,1
DA:7,3
DA:8,1
DA:12,5
DA:14,2
DA:15,0
DA:18,2
DA:19,2
DA:21,4
DA:22,4
DA:23,0
DA:25,4
DA:26,2
DA:30,2
LF:14
LH:12
BRDA:7,0,0,1
BRDA:7,1,0,3
BRDA:7,1,1,3
BRDA:14,2,0,0
BRDA:22,3,0,0
BRDA:25,4,0,2
BRF:6
BRH:4
end_of_record
TN:
SF:src/utils/eurojackpotService.ts
FN:12,validateNumbers
FN:29,(anonymous_1)
FN:30,(anonymous_2)
FN:40,getDrawByDate
FN:41,(anonymous_4)
FN:51,checkTicket
FN:63,(anonymous_6)
FN:66,(anonymous_7)
FN:89,compareWithHistorical
FN:97,(anonymous_9)
FN:107,(anonymous_10)
FN:109,(anonymous_11)
FN:112,(anonymous_12)
FN:130,(anonymous_13)
FN:154,compareWithSavedNumbers
FN:160,(anonymous_15)
FN:162,(anonymous_16)
FN:165,(anonymous_17)
FN:181,(anonymous_18)
FN:198,calculateTotalProfitLoss
FN:206,(anonymous_20)
FN:214,(anonymous_21)
FN:216,(anonymous_22)
FN:219,(anonymous_23)
FNF:24
FNH:8
FNDA:5,validateNumbers
FNDA:11,(anonymous_1)
FNDA:6,(anonymous_2)
FNDA:0,getDrawByDate
FNDA:0,(anonymous_4)
FNDA:0,checkTicket
FNDA:0,(anonymous_6)
FNDA:0,(anonymous_7)
FNDA:1,compareWithHistorical
FNDA:2,(anonymous_9)
FNDA:1,(anonymous_10)
FNDA:5,(anonymous_11)
FNDA:2,(anonymous_12)
FNDA:0,(anonymous_13)
FNDA:0,compareWithSavedNumbers
FNDA:0,(anonymous_15)
FNDA:0,(anonymous_16)
FNDA:0,(anonymous_17)
FNDA:0,(anonymous_18)
FNDA:0,calculateTotalProfitLoss
FNDA:0,(anonymous_20)
FNDA:0,(anonymous_21)
FNDA:0,(anonymous_22)
FNDA:0,(anonymous_23)
DA:2,1
DA:3,1
DA:4,1
DA:12,1
DA:17,5
DA:18,0
DA:22,5
DA:23,5
DA:24,5
DA:25,2
DA:29,11
DA:30,6
DA:32,3
DA:40,1
DA:41,0
DA:51,1
DA:56,0
DA:58,0
DA:59,0
DA:63,0
DA:64,0
DA:66,0
DA:67,0
DA:70,0
DA:72,0
DA:89,1
DA:94,1
DA:97,1
DA:98,2
DA:99,2
DA:100,2
DA:101,1
DA:105,1
DA:107,1
DA:109,1
DA:110,5
DA:112,1
DA:113,2
DA:116,1
DA:118,1
DA:119,1
DA:130,1
DA:132,0
DA:133,0
DA:136,0
DA:137,0
DA:138,0
DA:141,0
DA:142,0
DA:145,0
DA:154,1
DA:157,0
DA:158,0
DA:160,0
DA:162,0
DA:163,0
DA:165,0
DA:166,0
DA:169,0
DA:170,0
DA:181,0
DA:183,0
DA:184,0
DA:185,0
DA:198,1
DA:203,0
DA:205,0
DA:207,0
DA:208,0
DA:212,0
DA:214,0
DA:216,0
DA:217,0
DA:219,0
DA:220,0
DA:223,0
DA:226,0
LF:77
LH:33
BRDA:17,0,0,0
BRDA:17,1,0,5
BRDA:17,1,1,5
BRDA:24,2,0,2
BRDA:24,3,0,5
BRDA:24,3,1,4
BRDA:29,4,0,11
BRDA:29,4,1,10
BRDA:30,5,0,6
BRDA:30,5,1,6
BRDA:32,6,0,3
BRDA:32,6,1,2
BRDA:58,7,0,0
BRDA:98,8,0,0
BRDA:99,9,0,0
BRDA:99,10,0,2
BRDA:99,10,1,2
BRDA:100,11,0,1
BRDA:100,12,0,2
BRDA:100,12,1,2
BRDA:105,13,0,1
BRDA:105,13,1,0
BRDA:118,14,0,1
BRDA:118,15,0,1
BRDA:118,15,1,0
BRDA:132,16,0,0
BRDA:132,17,0,0
BRDA:132,17,1,0
BRDA:133,18,0,0
BRDA:133,19,0,0
BRDA:133,19,1,0
BRDA:138,20,0,0
BRDA:141,21,0,0
BRDA:141,22,0,0
BRDA:141,22,1,0
BRDA:169,23,0,0
BRDA:169,24,0,0
BRDA:169,24,1,0
BRDA:176,25,0,0
BRDA:176,25,1,0
BRDA:203,26,0,0
BRDA:207,27,0,0
BRDA:208,28,0,0
BRDA:208,28,1,0
BRF:44
BRH:19
end_of_record
TN:
SF:src/utils/profitLossCalculator.ts
FN:11,calculateProfitLoss
FN:34,isWinner
FNF:2
FNH:2
FNDA:3,calculateProfitLoss
FNDA:4,isWinner
DA:11,2
DA:15,3
DA:17,3
DA:18,1
DA:21,2
DA:22,2
DA:24,2
DA:34,2
DA:39,4
DA:40,1
DA:43,3
DA:44,3
LF:12
LH:12
BRDA:15,0,0,0
BRDA:17,1,0,1
BRDA:22,2,0,2
BRDA:22,2,1,1
BRDA:39,3,0,1
BRDA:44,4,0,3
BRDA:44,4,1,2
BRF:7
BRH:6
end_of_record
